app/JumpForFun/build/outputs/logs/manifest-merger-release-report.txt
-- Merging decision tree log ---
manifest
ADDED from src\main\AndroidManifest.xml:2:1-71:12
INJECTED from src\main\AndroidManifest.xml:2:1-71:12
INJECTED from src\main\AndroidManifest.xml:2:1-71:12
INJECTED from src\main\AndroidManifest.xml:2:1-71:12
INJECTED from src\main\AndroidManifest.xml:2:1-71:12
INJECTED from src\main\AndroidManifest.xml:2:1-71:12
INJECTED from src\main\AndroidManifest.xml:2:1-71:12
	package
		ADDED from src\main\AndroidManifest.xml:4:5-43
		INJECTED from src\main\AndroidManifest.xml
		INJECTED from src\main\AndroidManifest.xml
	android:versionName
		ADDED from src\main\AndroidManifest.xml:7:5-30
		INJECTED from src\main\AndroidManifest.xml
		INJECTED from src\main\AndroidManifest.xml
	xmlns:tools
		ADDED from src\main\AndroidManifest.xml:3:5-51
	xmlns:android
		ADDED from src\main\AndroidManifest.xml:2:11-69
	android:versionCode
		ADDED from src\main\AndroidManifest.xml:6:5-28
		INJECTED from src\main\AndroidManifest.xml
		INJECTED from src\main\AndroidManifest.xml
	android:installLocation
		ADDED from src\main\AndroidManifest.xml:5:5-45
supports-screens
ADDED from src\main\AndroidManifest.xml:9:5-14:40
	android:largeScreens
		ADDED from src\main\AndroidManifest.xml:11:9-36
	android:smallScreens
		ADDED from src\main\AndroidManifest.xml:13:9-36
	android:normalScreens
		ADDED from src\main\AndroidManifest.xml:12:9-37
	android:xlargeScreens
		ADDED from src\main\AndroidManifest.xml:14:9-37
	android:anyDensity
		ADDED from src\main\AndroidManifest.xml:10:9-34
application
ADDED from src\main\AndroidManifest.xml:15:5-52:19
	android:label
		ADDED from src\main\AndroidManifest.xml:20:9-41
	android:icon
		ADDED from src\main\AndroidManifest.xml:17:9-42
	android:banner
		ADDED from src\main\AndroidManifest.xml:16:9-46
	android:theme
		ADDED from src\main\AndroidManifest.xml:21:9-50
	android:networkSecurityConfig
		ADDED from src\main\AndroidManifest.xml:19:9-69
	android:isGame
		ADDED from src\main\AndroidManifest.xml:18:9-30
activity#com.debug_version.TiaoYiTiao.UnityPlayerActivity
ADDED from src\main\AndroidManifest.xml:22:9-38:20
	android:screenOrientation
		ADDED from src\main\AndroidManifest.xml:28:13-49
	android:label
		ADDED from src\main\AndroidManifest.xml:26:13-45
	android:launchMode
		ADDED from src\main\AndroidManifest.xml:27:13-44
	android:hardwareAccelerated
		ADDED from src\main\AndroidManifest.xml:25:13-48
	android:configChanges
		ADDED from src\main\AndroidManifest.xml:24:13-194
	android:name
		ADDED from src\main\AndroidManifest.xml:23:13-76
intent-filter#action:name:android.intent.action.MAIN+category:name:android.intent.category.LAUNCHER+category:name:android.intent.category.LEANBACK_LAUNCHER
ADDED from src\main\AndroidManifest.xml:29:13-34:29
action#android.intent.action.MAIN
ADDED from src\main\AndroidManifest.xml:30:17-69
	android:name
		ADDED from src\main\AndroidManifest.xml:30:25-66
category#android.intent.category.LAUNCHER
ADDED from src\main\AndroidManifest.xml:32:17-77
	android:name
		ADDED from src\main\AndroidManifest.xml:32:27-74
category#android.intent.category.LEANBACK_LAUNCHER
ADDED from src\main\AndroidManifest.xml:33:17-86
	android:name
		ADDED from src\main\AndroidManifest.xml:33:27-83
meta-data#unityplayer.UnityActivity
ADDED from src\main\AndroidManifest.xml:35:13-37:40
	android:value
		ADDED from src\main\AndroidManifest.xml:37:17-37
	android:name
		ADDED from src\main\AndroidManifest.xml:36:17-57
meta-data#unity.build-id
ADDED from src\main\AndroidManifest.xml:40:9-42:68
	android:value
		ADDED from src\main\AndroidManifest.xml:42:13-65
	android:name
		ADDED from src\main\AndroidManifest.xml:41:13-42
meta-data#unity.splash-mode
ADDED from src\main\AndroidManifest.xml:43:9-45:33
	android:value
		ADDED from src\main\AndroidManifest.xml:45:13-30
	android:name
		ADDED from src\main\AndroidManifest.xml:44:13-45
meta-data#unity.splash-enable
ADDED from src\main\AndroidManifest.xml:46:9-48:36
	android:value
		ADDED from src\main\AndroidManifest.xml:48:13-33
	android:name
		ADDED from src\main\AndroidManifest.xml:47:13-47
meta-data#android.max_aspect
ADDED from src\main\AndroidManifest.xml:49:9-51:35
	android:value
		ADDED from src\main\AndroidManifest.xml:51:13-32
	android:name
		ADDED from src\main\AndroidManifest.xml:50:13-46
uses-sdk
ADDED from src\main\AndroidManifest.xml:53:5-47
INJECTED from src\main\AndroidManifest.xml:53:5-47
INJECTED from src\main\AndroidManifest.xml:53:5-47
INJECTED from src\main\AndroidManifest.xml:53:5-47
INJECTED from src\main\AndroidManifest.xml:53:5-47
	android:targetSdkVersion
		ADDED from src\main\AndroidManifest.xml:53:15-44
		INJECTED from src\main\AndroidManifest.xml
		INJECTED from src\main\AndroidManifest.xml
	android:minSdkVersion
		INJECTED from src\main\AndroidManifest.xml
		ADDED from src\main\AndroidManifest.xml:53:5-47
		INJECTED from src\main\AndroidManifest.xml
uses-feature#0x00020000
ADDED from src\main\AndroidManifest.xml:54:5-54
	android:glEsVersion
		ADDED from src\main\AndroidManifest.xml:54:19-51
uses-permission#android.permission.INTERNET
ADDED from src\main\AndroidManifest.xml:56:5-67
	android:name
		ADDED from src\main\AndroidManifest.xml:56:22-64
uses-permission#android.permission.RECORD_AUDIO
ADDED from src\main\AndroidManifest.xml:57:5-71
	android:name
		ADDED from src\main\AndroidManifest.xml:57:22-68
uses-feature#android.hardware.microphone
ADDED from src\main\AndroidManifest.xml:59:5-61:36
	android:required
		ADDED from src\main\AndroidManifest.xml:61:9-33
	android:name
		ADDED from src\main\AndroidManifest.xml:60:9-51
uses-feature#android.hardware.touchscreen
ADDED from src\main\AndroidManifest.xml:62:5-64:36
	android:required
		ADDED from src\main\AndroidManifest.xml:64:9-33
	android:name
		ADDED from src\main\AndroidManifest.xml:63:9-52
uses-feature#android.hardware.touchscreen.multitouch
ADDED from src\main\AndroidManifest.xml:65:5-67:36
	android:required
		ADDED from src\main\AndroidManifest.xml:67:9-33
	android:name
		ADDED from src\main\AndroidManifest.xml:66:9-63
uses-feature#android.hardware.touchscreen.multitouch.distinct
ADDED from src\main\AndroidManifest.xml:68:5-70:36
	android:required
		ADDED from src\main\AndroidManifest.xml:70:9-33
	android:name
		ADDED from src\main\AndroidManifest.xml:69:9-72